Removed Pin From Net: NetName=5V Pin=AMS1-3
Removed Pin From Net: NetName=5V Pin=C2-1
Removed Pin From Net: NetName=5V Pin=C4-1
Added Component: Designator=D1(DIOM5226X240N)
Add component (AddParameter): Name = "Availability"; Value = "Unavailable"; VariantName = "[No Variations]"
Add component (AddParameter): Name = "MF"; Value = "Diodes Inc."; VariantName = "[No Variations]"
Add component (AddParameter): Name = "MP"; Value = "B340A-13-F"; VariantName = "[No Variations]"
Add component (AddParameter): Name = "Package"; Value = "DO-214 Diodes Inc."; VariantName = "[No Variations]"
Add component (AddParameter): Name = "Price"; Value = "None"; VariantName = "[No Variations]"
Add component (AddParameter): Name = "SnapEDA_Link"; Value = "https://www.snapeda.com/parts/B340A-13-F/Diodes%20Inc./view-part/78704/?ref=snap"; VariantName = "[No Variations]"
Add component (AddParameter): Name = "Value"; Value = ""; VariantName = "[No Variations]"
Added Pin To Net: NetName=+3.3 Pin=C5-1
Added Pin To Net: NetName=5V Pin=D1-A
Added Pin To Net: NetName=+3.3 Pin=JP1-5
Change Net Name : Old Net Name=+3.3 New Net Name=3.3V
Added Pin To Net: NetName=NetAMS1_3 Pin=AMS1-3
Added Pin To Net: NetName=NetAMS1_3 Pin=C2-1
Added Pin To Net: NetName=NetAMS1_3 Pin=C4-1
Added Pin To Net: NetName=NetAMS1_3 Pin=D1-C
Added Net: Name=NetAMS1_3
Added Member To Class: ClassName=Mach_nap_HEALA Member=Component D1 B340A-13-F
