Removed Pin From Net: NetName=3.3V Pin=C2-1
Removed Pin From Net: NetName=5V Pin=C3-1
Removed Pin From Net: NetName=3.3V Pin=C5-1
Removed Pin From Net: NetName=3.3V Pin=JP1-5
Change Component Footprint: Designator=C4 Old Footprint=tu 1206 New Footprint=CAP-ALU-SMD-5x5.5x1.4
Change Component Footprint: Designator=C3 Old Footprint=tu hoa 4mm New Footprint=CAP-ALU-SMD-5x5.5x1.4
Change Component Footprint: Designator=C1 Old Footprint=tu hoa 4mm New Footprint=tu 1206
Change Component Comment : Designator=C3 Old Comment=10uF New Comment=10u
Change Component Comment : Designator=C1 Old Comment=10uF New Comment=100n
Change Component Comment : Designator=C4 Old Comment=106 New Comment=10u
Change Component Comment : Designator=C2 Old Comment=106 New Comment=100n
Change component parameters: Designator = "C1" ("C1"); Footprint = "tu hoa 4mm"; UniqueID = "\YBIHNOEU" ("\YBIHNOEU")
Change component parameters (AddParameter): Name = "Chung_Loai"; Value = "Dán"; VariantName = "[No Variations]"
Change component parameters (AddParameter): Name = "Don_Vi"; Value = "Con"; VariantName = "[No Variations]"
Change component parameters (AddParameter): Name = "Kieu_Chan"; Value = ""; VariantName = "[No Variations]"
Change component parameters (AddParameter): Name = "Ma_Hang"; Value = "MH004541"; VariantName = "[No Variations]"
Change component parameters (AddParameter): Name = "So_Chan"; Value = "2"; VariantName = "[No Variations]"
Change component parameters (AddParameter): Name = "Ten_Linh_Kien"; Value = "T? 1206 106-10uF 20% 16V"; VariantName = "[No Variations]"
Change component parameters: Designator = "C3" ("C3"); Footprint = "tu hoa 4mm"; UniqueID = "\COPMKIYA" ("\COPMKIYA")
Change component parameters (AddParameter): Name = "LatestRevisionDate"; Value = "17-Jul-2002"; VariantName = "[No Variations]"
Change component parameters (AddParameter): Name = "LatestRevisionNote"; Value = "Re-released for DXP Platform."; VariantName = "[No Variations]"
Change component parameters (AddParameter): Name = "PackageReference"; Value = "POLAR0.8"; VariantName = "[No Variations]"
Change component parameters (AddParameter): Name = "Published"; Value = "8-Jun-2000"; VariantName = "[No Variations]"
Change component parameters (AddParameter): Name = "Publisher"; Value = "Altium Limited"; VariantName = "[No Variations]"
Change component parameters: Designator = "C4" ("C4"); Footprint = "tu 1206"; UniqueID = "\TFYHBBWH" ("\TFYHBBWH")
Change component parameters (AddParameter): Name = "LatestRevisionDate"; Value = "17-Jul-2002"; VariantName = "[No Variations]"
Change component parameters (AddParameter): Name = "LatestRevisionNote"; Value = "Re-released for DXP Platform."; VariantName = "[No Variations]"
Change component parameters (AddParameter): Name = "PackageReference"; Value = "POLAR0.8"; VariantName = "[No Variations]"
Change component parameters (AddParameter): Name = "Published"; Value = "8-Jun-2000"; VariantName = "[No Variations]"
Change component parameters (AddParameter): Name = "Publisher"; Value = "Altium Limited"; VariantName = "[No Variations]"
Added Pin To Net: NetName=5V Pin=C2-1
Added Pin To Net: NetName=3.3V Pin=C3-1
Change Net Name : Old Net Name=3.3V New Net Name=+3.3
Added Pin To Net: NetName=3.3V Pin=C5-1
Added Pin To Net: NetName=3.3V Pin=JP1-5
Added Net: Name=3.3V
Added Member To Class: ClassName=Mach_nap_HEALA Member=Component C1 100n
Added Member To Class: ClassName=Mach_nap_HEALA Member=Component C3 10u
Added Member To Class: ClassName=Mach_nap_HEALA Member=Component C4 10u
Added Rule: Name=Schematic Supply Nets_3
