Change Component Designator: Old Designator=BT2 New Designator=BT1
Change Component Designator: Old Designator=BT? New Designator=BT2
Change Component Designator: Old Designator=BT? New Designator=BT3
Change Component Designator: Old Designator=C2 New Designator=C1
Change Component Designator: Old Designator=C3 New Designator=C4
Change Component Designator: Old Designator=C4 New Designator=C5
Change Component Designator: Old Designator=C5 New Designator=C6
Change Component Designator: Old Designator=C10 New Designator=C2
Change Component Designator: Old Designator=C11 New Designator=C3
Change Component Designator: Old Designator=C13 New Designator=C8
Change Component Designator: Old Designator=C15 New Designator=C9
Change Component Designator: Old Designator=C? New Designator=C7
Change Component Designator: Old Designator=C? New Designator=C10
Change Component Designator: Old Designator=C? New Designator=C11
Change Component Designator: Old Designator=C? New Designator=C12
Change Component Designator: Old Designator=C? New Designator=C13
Change Component Designator: Old Designator=JP? New Designator=JP1
Change Component Designator: Old Designator=R? New Designator=R3
Change Component Designator: Old Designator=R? New Designator=R4
Change Component Designator: Old Designator=R? New Designator=R5
Change Component Designator: Old Designator=R? New Designator=R6
Change Component Designator: Old Designator=R? New Designator=R7
Change Component Designator: Old Designator=R? New Designator=R8
Change Component Designator: Old Designator=R? New Designator=R9
Change Component Designator: Old Designator=R? New Designator=R10
Change Component Designator: Old Designator=R? New Designator=R11
Change Component Designator: Old Designator=R? New Designator=R12
Change Component Designator: Old Designator=U3 New Designator=U5
Change Component Designator: Old Designator=U4 New Designator=U3
Change Component Designator: Old Designator=U5 New Designator=U4
